<?xml version="1.0" encoding="UTF-8"?>
<!-- Generated by org.testng.reporters.JUnitXMLReporter -->
<testsuite hostname="samikshagupta" ignored="3" name="Default test" tests="1" failures="0" timestamp="02 Aug 2021 08:01:28 GMT" time="6.233" errors="0">
  <testcase name="create_Task" time="5.601" classname="com.todo.tests.CreateTask"/>
  <testcase name="invalid_create_Task_email" time="0.0" classname="com.todo.tests.CreateTask">
    <ignored/>
  </testcase> <!-- invalid_create_Task_email -->
  <testcase name="invalid_create_Task_taskname" time="0.0" classname="com.todo.tests.CreateTask">
    <ignored/>
  </testcase> <!-- invalid_create_Task_taskname -->
  <testcase name="invalid_create_Task_priority" time="0.0" classname="com.todo.tests.CreateTask">
    <ignored/>
  </testcase> <!-- invalid_create_Task_priority -->
</testsuite> <!-- Default test -->
