<?xml version="1.0" encoding="UTF-8"?>
<!-- Generated by org.testng.reporters.JUnitXMLReporter -->
<testsuite hostname="samikshagupta" ignored="8" name="Test" tests="18" failures="0" timestamp="21 Jul 2021 16:14:59 GMT" time="8.926" errors="0">
  <testcase name="getAccessToken" time="3.963" classname="com.todo.tests.Authenticate_Token"/>
  <testcase name="invalid_getAccessToken" time="0.205" classname="com.todo.tests.Authenticate_Token"/>
  <testcase name="invalid_getAccessToken1" time="0.082" classname="com.todo.tests.Authenticate_Token"/>
  <testcase name="invalid_getAccessToken2" time="0.05" classname="com.todo.tests.Authenticate_Token"/>
  <testcase name="createUser" time="0.259" classname="com.todo.tests.UserController"/>
  <testcase name="invalid_createUser_email" time="0.26" classname="com.todo.tests.UserController"/>
  <testcase name="invalid_createUser_firstname" time="0.282" classname="com.todo.tests.UserController"/>
  <testcase name="invalid_createUser_lastname" time="0.224" classname="com.todo.tests.UserController"/>
  <testcase name="invalid_createUser_password" time="0.24" classname="com.todo.tests.UserController"/>
  <testcase name="invalid_loginUser_Password" time="0.301" classname="com.todo.tests.UserController"/>
  <testcase name="invalid_loginUser_email" time="0.27" classname="com.todo.tests.UserController"/>
  <testcase name="loginUser" time="0.24" classname="com.todo.tests.UserController"/>
  <testcase name="create_Task" time="0.429" classname="com.todo.tests.CreateTask"/>
  <testcase name="invalid_create_Task_email" time="0.292" classname="com.todo.tests.CreateTask"/>
  <testcase name="invalid_create_Task_priority" time="0.255" classname="com.todo.tests.CreateTask"/>
  <testcase name="invalid_create_Task_taskname" time="0.272" classname="com.todo.tests.CreateTask"/>
  <testcase name="edit_Task" time="0.296" classname="com.todo.tests.EditTask"/>
  <testcase name="delete_Task" time="0.289" classname="com.todo.tests.DeleteTask"/>
  <testcase name="@AfterSuite endReport" time="0.0" classname="com.todo.tests.BaseTest">
    <ignored/>
  </testcase> <!-- @AfterSuite endReport -->
  <testcase name="@AfterSuite endReport" time="0.0" classname="com.todo.tests.BaseTest">
    <ignored/>
  </testcase> <!-- @AfterSuite endReport -->
  <testcase name="@AfterSuite endReport" time="0.0" classname="com.todo.tests.BaseTest">
    <ignored/>
  </testcase> <!-- @AfterSuite endReport -->
  <testcase name="@AfterSuite endReport" time="0.0" classname="com.todo.tests.BaseTest">
    <ignored/>
  </testcase> <!-- @AfterSuite endReport -->
  <testcase name="@BeforeSuite setExtent" time="0.0" classname="com.todo.tests.BaseTest">
    <ignored/>
  </testcase> <!-- @BeforeSuite setExtent -->
  <testcase name="@BeforeSuite setExtent" time="0.0" classname="com.todo.tests.BaseTest">
    <ignored/>
  </testcase> <!-- @BeforeSuite setExtent -->
  <testcase name="@BeforeSuite setExtent" time="0.0" classname="com.todo.tests.BaseTest">
    <ignored/>
  </testcase> <!-- @BeforeSuite setExtent -->
  <testcase name="@BeforeSuite setExtent" time="0.0" classname="com.todo.tests.BaseTest">
    <ignored/>
  </testcase> <!-- @BeforeSuite setExtent -->
</testsuite> <!-- Test -->
