<?xml version="1.0" encoding="UTF-8"?>
<!-- Generated by org.testng.reporters.JUnitXMLReporter -->
<testsuite hostname="samikshagupta" ignored="8" name="Test" tests="18" failures="0" timestamp="21 Jul 2021 16:22:30 GMT" time="9.059" errors="0">
  <testcase name="getAccessToken" time="3.908" classname="com.todo.tests.Authenticate_Token"/>
  <testcase name="invalid_getAccessToken" time="0.191" classname="com.todo.tests.Authenticate_Token"/>
  <testcase name="invalid_getAccessToken1" time="0.042" classname="com.todo.tests.Authenticate_Token"/>
  <testcase name="invalid_getAccessToken2" time="0.046" classname="com.todo.tests.Authenticate_Token"/>
  <testcase name="createUser" time="0.231" classname="com.todo.tests.UserController"/>
  <testcase name="invalid_createUser_email" time="0.223" classname="com.todo.tests.UserController"/>
  <testcase name="invalid_createUser_firstname" time="0.246" classname="com.todo.tests.UserController"/>
  <testcase name="invalid_createUser_lastname" time="0.225" classname="com.todo.tests.UserController"/>
  <testcase name="invalid_createUser_password" time="0.245" classname="com.todo.tests.UserController"/>
  <testcase name="invalid_loginUser_Password" time="0.294" classname="com.todo.tests.UserController"/>
  <testcase name="invalid_loginUser_email" time="0.247" classname="com.todo.tests.UserController"/>
  <testcase name="loginUser" time="0.268" classname="com.todo.tests.UserController"/>
  <testcase name="create_Task" time="0.543" classname="com.todo.tests.CreateTask"/>
  <testcase name="invalid_create_Task_email" time="0.368" classname="com.todo.tests.CreateTask"/>
  <testcase name="invalid_create_Task_priority" time="0.285" classname="com.todo.tests.CreateTask"/>
  <testcase name="invalid_create_Task_taskname" time="0.274" classname="com.todo.tests.CreateTask"/>
  <testcase name="edit_Task" time="0.352" classname="com.todo.tests.EditTask"/>
  <testcase name="delete_Task" time="0.363" classname="com.todo.tests.DeleteTask"/>
  <testcase name="@AfterSuite endReport" time="0.0" classname="com.todo.tests.BaseTest">
    <ignored/>
  </testcase> <!-- @AfterSuite endReport -->
  <testcase name="@AfterSuite endReport" time="0.0" classname="com.todo.tests.BaseTest">
    <ignored/>
  </testcase> <!-- @AfterSuite endReport -->
  <testcase name="@AfterSuite endReport" time="0.0" classname="com.todo.tests.BaseTest">
    <ignored/>
  </testcase> <!-- @AfterSuite endReport -->
  <testcase name="@AfterSuite endReport" time="0.0" classname="com.todo.tests.BaseTest">
    <ignored/>
  </testcase> <!-- @AfterSuite endReport -->
  <testcase name="@BeforeSuite setExtent" time="0.0" classname="com.todo.tests.BaseTest">
    <ignored/>
  </testcase> <!-- @BeforeSuite setExtent -->
  <testcase name="@BeforeSuite setExtent" time="0.0" classname="com.todo.tests.BaseTest">
    <ignored/>
  </testcase> <!-- @BeforeSuite setExtent -->
  <testcase name="@BeforeSuite setExtent" time="0.0" classname="com.todo.tests.BaseTest">
    <ignored/>
  </testcase> <!-- @BeforeSuite setExtent -->
  <testcase name="@BeforeSuite setExtent" time="0.0" classname="com.todo.tests.BaseTest">
    <ignored/>
  </testcase> <!-- @BeforeSuite setExtent -->
</testsuite> <!-- Test -->
