<?xml version="1.0" encoding="UTF-8"?>
<testsuite xmlns:xsi="http://www.w3.org/2001/XMLSchema-instance" xsi:noNamespaceSchemaLocation="https://maven.apache.org/surefire/maven-surefire-plugin/xsd/surefire-test-report.xsd" name="TestSuite" time="12.81" tests="18" errors="0" skipped="0" failures="0">
  <properties>
[...]
</properties>
  <testcase name="getAccessToken" classname="com.todo.tests.Authenticate_Token" time="3.907"/>
  <testcase name="invalid_getAccessToken" classname="com.todo.tests.Authenticate_Token" time="0.269"/>
  <testcase name="invalid_getAccessToken1" classname="com.todo.tests.Authenticate_Token" time="0.085"/>
  <testcase name="invalid_getAccessToken2" classname="com.todo.tests.Authenticate_Token" time="0.101"/>
  <testcase name="createUser" classname="com.todo.tests.UserController" time="0.198"/>
  <testcase name="invalid_createUser_email" classname="com.todo.tests.UserController" time="0.214"/>
  <testcase name="invalid_createUser_firstname" classname="com.todo.tests.UserController" time="0.226"/>
  <testcase name="invalid_createUser_lastname" classname="com.todo.tests.UserController" time="0.228"/>
  <testcase name="invalid_createUser_password" classname="com.todo.tests.UserController" time="0.271"/>
  <testcase name="invalid_loginUser_Password" classname="com.todo.tests.UserController" time="0.251"/>
  <testcase name="invalid_loginUser_email" classname="com.todo.tests.UserController" time="0.266"/>
  <testcase name="loginUser" classname="com.todo.tests.UserController" time="0.258"/>
  <testcase name="create_Task" classname="com.todo.tests.CreateTask" time="0.756"/>
  <testcase name="invalid_create_Task_email" classname="com.todo.tests.CreateTask" time="0.443"/>
  <testcase name="invalid_create_Task_priority" classname="com.todo.tests.CreateTask" time="0.587"/>
  <testcase name="invalid_create_Task_taskname" classname="com.todo.tests.CreateTask" time="0.545"/>
  <testcase name="edit_Task" classname="com.todo.tests.EditTask" time="0.53"/>
  <testcase name="delete_Task" classname="com.todo.tests.DeleteTask" time="0.382"/>
</testsuite>